2026-01-16 22:07:36.373 [main] INFO  com.meteor.user.UserApplication - Starting UserApplication using Java 17.0.16 with PID 36440 (J:\code\system\meteor\meteor-user\target\classes started by Programmer in J:\code\system\meteor)
2026-01-16 22:07:36.374 [main] DEBUG com.meteor.user.UserApplication - Running with Spring Boot v3.2.5, Spring v6.1.6
2026-01-16 22:07:36.374 [main] INFO  com.meteor.user.UserApplication - The following 1 profile is active: "local"
2026-01-16 22:07:36.812 [main] INFO  o.s.d.r.config.RepositoryConfigurationDelegate - Multiple Spring Data modules found, entering strict repository configuration mode
2026-01-16 22:07:36.814 [main] INFO  o.s.d.r.config.RepositoryConfigurationDelegate - Bootstrapping Spring Data Redis repositories in DEFAULT mode.
2026-01-16 22:07:36.835 [main] INFO  o.s.d.r.config.RepositoryConfigurationDelegate - Finished Spring Data repository scanning in 12 ms. Found 0 Redis repository interfaces.
2026-01-16 22:07:37.146 [main] INFO  o.s.boot.web.embedded.tomcat.TomcatWebServer - Tomcat initialized with port 8081 (http)
2026-01-16 22:07:37.148 [main] INFO  org.apache.catalina.core.AprLifecycleListener - Loaded Apache Tomcat Native library [2.0.9] using APR version [1.7.6].
2026-01-16 22:07:37.150 [main] INFO  org.apache.catalina.core.AprLifecycleListener - OpenSSL successfully initialized [OpenSSL 3.5.0 8 Apr 2025]
2026-01-16 22:07:37.154 [main] INFO  org.apache.coyote.http11.Http11NioProtocol - Initializing ProtocolHandler ["http-nio-8081"]
2026-01-16 22:07:37.156 [main] INFO  org.apache.catalina.core.StandardService - Starting service [Tomcat]
2026-01-16 22:07:37.156 [main] INFO  org.apache.catalina.core.StandardEngine - Starting Servlet engine: [Apache Tomcat/10.1.20]
2026-01-16 22:07:37.194 [main] INFO  o.a.c.core.ContainerBase.[Tomcat].[localhost].[/] - Initializing Spring embedded WebApplicationContext
2026-01-16 22:07:37.195 [main] INFO  o.s.b.w.s.c.ServletWebServerApplicationContext - Root WebApplicationContext: initialization completed in 795 ms
2026-01-16 22:07:37.914 [main] INFO  org.apache.coyote.http11.Http11NioProtocol - Starting ProtocolHandler ["http-nio-8081"]
2026-01-16 22:07:37.924 [main] INFO  o.s.boot.web.embedded.tomcat.TomcatWebServer - Tomcat started on port 8081 (http) with context path ''
2026-01-16 22:07:37.930 [main] INFO  com.meteor.user.UserApplication - Started UserApplication in 1.895 seconds (process running for 2.22)
2026-01-16 22:07:44.606 [http-nio-8081-exec-3] INFO  o.a.c.core.ContainerBase.[Tomcat].[localhost].[/] - Initializing Spring DispatcherServlet 'dispatcherServlet'
2026-01-16 22:07:44.606 [http-nio-8081-exec-3] INFO  org.springframework.web.servlet.DispatcherServlet - Initializing Servlet 'dispatcherServlet'
2026-01-16 22:07:44.607 [http-nio-8081-exec-3] INFO  org.springframework.web.servlet.DispatcherServlet - Completed initialization in 1 ms
2026-01-16 22:07:44.719 [http-nio-8081-exec-3] INFO  com.zaxxer.hikari.HikariDataSource - HikariPool-1 - Starting...
2026-01-16 22:07:44.805 [http-nio-8081-exec-3] INFO  com.zaxxer.hikari.pool.HikariPool - HikariPool-1 - Added connection com.mysql.cj.jdbc.ConnectionImpl@3c42372e
2026-01-16 22:07:44.807 [http-nio-8081-exec-3] INFO  com.zaxxer.hikari.HikariDataSource - HikariPool-1 - Start completed.
2026-01-16 22:07:45.159 [http-nio-8081-exec-3] ERROR o.a.c.c.C.[.[localhost].[/].[dispatcherServlet] - Servlet.service() for servlet [dispatcherServlet] in context with path [] threw exception [Request processing failed: org.springframework.data.redis.RedisConnectionFailureException: Unable to connect to Redis] with root cause
io.lettuce.core.RedisCommandExecutionException: NOAUTH Authentication required.
	at io.lettuce.core.internal.ExceptionFactory.createExecutionException(ExceptionFactory.java:147)
	at io.lettuce.core.internal.ExceptionFactory.createExecutionException(ExceptionFactory.java:116)
	at io.lettuce.core.protocol.AsyncCommand.completeResult(AsyncCommand.java:120)
	at io.lettuce.core.protocol.AsyncCommand.complete(AsyncCommand.java:111)
	at io.lettuce.core.protocol.CommandHandler.complete(CommandHandler.java:745)
	at io.lettuce.core.protocol.CommandHandler.decode(CommandHandler.java:680)
	at io.lettuce.core.protocol.CommandHandler.channelRead(CommandHandler.java:597)
	at io.netty.channel.AbstractChannelHandlerContext.invokeChannelRead(AbstractChannelHandlerContext.java:442)
	at io.netty.channel.AbstractChannelHandlerContext.invokeChannelRead(AbstractChannelHandlerContext.java:420)
	at io.netty.channel.AbstractChannelHandlerContext.fireChannelRead(AbstractChannelHandlerContext.java:412)
	at io.netty.channel.DefaultChannelPipeline$HeadContext.channelRead(DefaultChannelPipeline.java:1410)
	at io.netty.channel.AbstractChannelHandlerContext.invokeChannelRead(AbstractChannelHandlerContext.java:440)
	at io.netty.channel.AbstractChannelHandlerContext.invokeChannelRead(AbstractChannelHandlerContext.java:420)
	at io.netty.channel.DefaultChannelPipeline.fireChannelRead(DefaultChannelPipeline.java:919)
	at io.netty.channel.nio.AbstractNioByteChannel$NioByteUnsafe.read(AbstractNioByteChannel.java:166)
	at io.netty.channel.nio.NioEventLoop.processSelectedKey(NioEventLoop.java:788)
	at io.netty.channel.nio.NioEventLoop.processSelectedKeysOptimized(NioEventLoop.java:724)
	at io.netty.channel.nio.NioEventLoop.processSelectedKeys(NioEventLoop.java:650)
	at io.netty.channel.nio.NioEventLoop.run(NioEventLoop.java:562)
	at io.netty.util.concurrent.SingleThreadEventExecutor$4.run(SingleThreadEventExecutor.java:997)
	at io.netty.util.internal.ThreadExecutorMap$2.run(ThreadExecutorMap.java:74)
	at io.netty.util.concurrent.FastThreadLocalRunnable.run(FastThreadLocalRunnable.java:30)
	at java.base/java.lang.Thread.run(Thread.java:840)
2026-01-16 22:08:38.044 [SpringApplicationShutdownHook] INFO  com.zaxxer.hikari.HikariDataSource - HikariPool-1 - Shutdown initiated...
2026-01-16 22:08:38.048 [SpringApplicationShutdownHook] INFO  com.zaxxer.hikari.HikariDataSource - HikariPool-1 - Shutdown completed.
2026-01-16 22:08:41.557 [main] INFO  com.meteor.user.UserApplication - Starting UserApplication using Java 17.0.16 with PID 51428 (J:\code\system\meteor\meteor-user\target\classes started by Programmer in J:\code\system\meteor)
2026-01-16 22:08:41.558 [main] DEBUG com.meteor.user.UserApplication - Running with Spring Boot v3.2.5, Spring v6.1.6
2026-01-16 22:08:41.558 [main] INFO  com.meteor.user.UserApplication - The following 1 profile is active: "local"
2026-01-16 22:08:42.178 [main] INFO  o.s.d.r.config.RepositoryConfigurationDelegate - Multiple Spring Data modules found, entering strict repository configuration mode
2026-01-16 22:08:42.180 [main] INFO  o.s.d.r.config.RepositoryConfigurationDelegate - Bootstrapping Spring Data Redis repositories in DEFAULT mode.
2026-01-16 22:08:42.207 [main] INFO  o.s.d.r.config.RepositoryConfigurationDelegate - Finished Spring Data repository scanning in 15 ms. Found 0 Redis repository interfaces.
2026-01-16 22:08:42.615 [main] INFO  o.s.boot.web.embedded.tomcat.TomcatWebServer - Tomcat initialized with port 8081 (http)
2026-01-16 22:08:42.618 [main] INFO  org.apache.catalina.core.AprLifecycleListener - Loaded Apache Tomcat Native library [2.0.9] using APR version [1.7.6].
2026-01-16 22:08:42.620 [main] INFO  org.apache.catalina.core.AprLifecycleListener - OpenSSL successfully initialized [OpenSSL 3.5.0 8 Apr 2025]
2026-01-16 22:08:42.626 [main] INFO  org.apache.coyote.http11.Http11NioProtocol - Initializing ProtocolHandler ["http-nio-8081"]
2026-01-16 22:08:42.627 [main] INFO  org.apache.catalina.core.StandardService - Starting service [Tomcat]
2026-01-16 22:08:42.627 [main] INFO  org.apache.catalina.core.StandardEngine - Starting Servlet engine: [Apache Tomcat/10.1.20]
2026-01-16 22:08:42.676 [main] INFO  o.a.c.core.ContainerBase.[Tomcat].[localhost].[/] - Initializing Spring embedded WebApplicationContext
2026-01-16 22:08:42.676 [main] INFO  o.s.b.w.s.c.ServletWebServerApplicationContext - Root WebApplicationContext: initialization completed in 1079 ms
2026-01-16 22:08:43.648 [main] INFO  org.apache.coyote.http11.Http11NioProtocol - Starting ProtocolHandler ["http-nio-8081"]
2026-01-16 22:08:43.660 [main] INFO  o.s.boot.web.embedded.tomcat.TomcatWebServer - Tomcat started on port 8081 (http) with context path ''
2026-01-16 22:08:43.667 [main] INFO  com.meteor.user.UserApplication - Started UserApplication in 2.591 seconds (process running for 3.045)
2026-01-16 22:09:20.840 [main] INFO  com.meteor.user.UserApplication - Starting UserApplication using Java 17.0.16 with PID 21312 (J:\code\system\meteor\meteor-user\target\classes started by Programmer in J:\code\system\meteor)
2026-01-16 22:09:20.841 [main] DEBUG com.meteor.user.UserApplication - Running with Spring Boot v3.2.5, Spring v6.1.6
2026-01-16 22:09:20.842 [main] INFO  com.meteor.user.UserApplication - The following 1 profile is active: "local"
2026-01-16 22:09:21.277 [main] INFO  o.s.d.r.config.RepositoryConfigurationDelegate - Multiple Spring Data modules found, entering strict repository configuration mode
2026-01-16 22:09:21.278 [main] INFO  o.s.d.r.config.RepositoryConfigurationDelegate - Bootstrapping Spring Data Redis repositories in DEFAULT mode.
2026-01-16 22:09:21.298 [main] INFO  o.s.d.r.config.RepositoryConfigurationDelegate - Finished Spring Data repository scanning in 12 ms. Found 0 Redis repository interfaces.
2026-01-16 22:09:21.604 [main] INFO  o.s.boot.web.embedded.tomcat.TomcatWebServer - Tomcat initialized with port 8081 (http)
2026-01-16 22:09:21.606 [main] INFO  org.apache.catalina.core.AprLifecycleListener - Loaded Apache Tomcat Native library [2.0.9] using APR version [1.7.6].
2026-01-16 22:09:21.608 [main] INFO  org.apache.catalina.core.AprLifecycleListener - OpenSSL successfully initialized [OpenSSL 3.5.0 8 Apr 2025]
2026-01-16 22:09:21.612 [main] INFO  org.apache.coyote.http11.Http11NioProtocol - Initializing ProtocolHandler ["http-nio-8081"]
2026-01-16 22:09:21.613 [main] INFO  org.apache.catalina.core.StandardService - Starting service [Tomcat]
2026-01-16 22:09:21.613 [main] INFO  org.apache.catalina.core.StandardEngine - Starting Servlet engine: [Apache Tomcat/10.1.20]
2026-01-16 22:09:21.646 [main] INFO  o.a.c.core.ContainerBase.[Tomcat].[localhost].[/] - Initializing Spring embedded WebApplicationContext
2026-01-16 22:09:21.647 [main] INFO  o.s.b.w.s.c.ServletWebServerApplicationContext - Root WebApplicationContext: initialization completed in 777 ms
2026-01-16 22:09:22.357 [main] INFO  org.apache.coyote.http11.Http11NioProtocol - Starting ProtocolHandler ["http-nio-8081"]
2026-01-16 22:09:22.367 [main] INFO  o.s.boot.web.embedded.tomcat.TomcatWebServer - Tomcat started on port 8081 (http) with context path ''
2026-01-16 22:09:22.373 [main] INFO  com.meteor.user.UserApplication - Started UserApplication in 1.89 seconds (process running for 2.213)
2026-01-16 22:09:25.657 [http-nio-8081-exec-2] INFO  o.a.c.core.ContainerBase.[Tomcat].[localhost].[/] - Initializing Spring DispatcherServlet 'dispatcherServlet'
2026-01-16 22:09:25.657 [http-nio-8081-exec-2] INFO  org.springframework.web.servlet.DispatcherServlet - Initializing Servlet 'dispatcherServlet'
2026-01-16 22:09:25.658 [http-nio-8081-exec-2] INFO  org.springframework.web.servlet.DispatcherServlet - Completed initialization in 1 ms
2026-01-16 22:09:25.765 [http-nio-8081-exec-2] INFO  com.zaxxer.hikari.HikariDataSource - HikariPool-1 - Starting...
2026-01-16 22:09:25.855 [http-nio-8081-exec-2] INFO  com.zaxxer.hikari.pool.HikariPool - HikariPool-1 - Added connection com.mysql.cj.jdbc.ConnectionImpl@574d5685
2026-01-16 22:09:25.856 [http-nio-8081-exec-2] INFO  com.zaxxer.hikari.HikariDataSource - HikariPool-1 - Start completed.
2026-01-16 22:20:33.668 [SpringApplicationShutdownHook] INFO  com.zaxxer.hikari.HikariDataSource - HikariPool-1 - Shutdown initiated...
2026-01-16 22:20:33.672 [SpringApplicationShutdownHook] INFO  com.zaxxer.hikari.HikariDataSource - HikariPool-1 - Shutdown completed.
2026-01-16 22:20:36.592 [main] INFO  com.meteor.user.UserApplication - Starting UserApplication using Java 17.0.16 with PID 30616 (J:\code\system\meteor\meteor-user\target\classes started by Programmer in J:\code\system\meteor)
2026-01-16 22:20:36.593 [main] DEBUG com.meteor.user.UserApplication - Running with Spring Boot v3.2.5, Spring v6.1.6
2026-01-16 22:20:36.593 [main] INFO  com.meteor.user.UserApplication - The following 1 profile is active: "local"
2026-01-16 22:20:37.049 [main] INFO  o.s.d.r.config.RepositoryConfigurationDelegate - Multiple Spring Data modules found, entering strict repository configuration mode
2026-01-16 22:20:37.050 [main] INFO  o.s.d.r.config.RepositoryConfigurationDelegate - Bootstrapping Spring Data Redis repositories in DEFAULT mode.
2026-01-16 22:20:37.070 [main] INFO  o.s.d.r.config.RepositoryConfigurationDelegate - Finished Spring Data repository scanning in 12 ms. Found 0 Redis repository interfaces.
2026-01-16 22:20:37.373 [main] INFO  o.s.boot.web.embedded.tomcat.TomcatWebServer - Tomcat initialized with port 8081 (http)
2026-01-16 22:20:37.375 [main] INFO  org.apache.catalina.core.AprLifecycleListener - Loaded Apache Tomcat Native library [2.0.9] using APR version [1.7.6].
2026-01-16 22:20:37.376 [main] INFO  org.apache.catalina.core.AprLifecycleListener - OpenSSL successfully initialized [OpenSSL 3.5.0 8 Apr 2025]
2026-01-16 22:20:37.382 [main] INFO  org.apache.coyote.http11.Http11NioProtocol - Initializing ProtocolHandler ["http-nio-8081"]
2026-01-16 22:20:37.382 [main] INFO  org.apache.catalina.core.StandardService - Starting service [Tomcat]
2026-01-16 22:20:37.382 [main] INFO  org.apache.catalina.core.StandardEngine - Starting Servlet engine: [Apache Tomcat/10.1.20]
2026-01-16 22:20:37.418 [main] INFO  o.a.c.core.ContainerBase.[Tomcat].[localhost].[/] - Initializing Spring embedded WebApplicationContext
2026-01-16 22:20:37.419 [main] INFO  o.s.b.w.s.c.ServletWebServerApplicationContext - Root WebApplicationContext: initialization completed in 797 ms
2026-01-16 22:20:38.149 [main] INFO  org.apache.coyote.http11.Http11NioProtocol - Starting ProtocolHandler ["http-nio-8081"]
2026-01-16 22:20:38.160 [main] INFO  o.s.boot.web.embedded.tomcat.TomcatWebServer - Tomcat started on port 8081 (http) with context path ''
2026-01-16 22:20:38.166 [main] INFO  com.meteor.user.UserApplication - Started UserApplication in 1.907 seconds (process running for 2.238)
2026-01-16 22:31:38.188 [main] INFO  com.meteor.user.UserApplication - Starting UserApplication using Java 17.0.16 with PID 12888 (J:\code\system\meteor\meteor-user\target\classes started by Programmer in J:\code\system\meteor)
2026-01-16 22:31:38.189 [main] DEBUG com.meteor.user.UserApplication - Running with Spring Boot v3.2.5, Spring v6.1.6
2026-01-16 22:31:38.189 [main] INFO  com.meteor.user.UserApplication - The following 1 profile is active: "local"
2026-01-16 22:31:38.608 [main] INFO  o.s.d.r.config.RepositoryConfigurationDelegate - Multiple Spring Data modules found, entering strict repository configuration mode
2026-01-16 22:31:38.609 [main] INFO  o.s.d.r.config.RepositoryConfigurationDelegate - Bootstrapping Spring Data Redis repositories in DEFAULT mode.
2026-01-16 22:31:38.633 [main] INFO  o.s.d.r.config.RepositoryConfigurationDelegate - Finished Spring Data repository scanning in 10 ms. Found 0 Redis repository interfaces.
2026-01-16 22:31:38.948 [main] INFO  o.s.boot.web.embedded.tomcat.TomcatWebServer - Tomcat initialized with port 8081 (http)
2026-01-16 22:31:38.951 [main] INFO  org.apache.catalina.core.AprLifecycleListener - Loaded Apache Tomcat Native library [2.0.9] using APR version [1.7.6].
2026-01-16 22:31:38.954 [main] INFO  org.apache.catalina.core.AprLifecycleListener - OpenSSL successfully initialized [OpenSSL 3.5.0 8 Apr 2025]
2026-01-16 22:31:38.958 [main] INFO  org.apache.coyote.http11.Http11NioProtocol - Initializing ProtocolHandler ["http-nio-8081"]
2026-01-16 22:31:38.959 [main] INFO  org.apache.catalina.core.StandardService - Starting service [Tomcat]
2026-01-16 22:31:38.959 [main] INFO  org.apache.catalina.core.StandardEngine - Starting Servlet engine: [Apache Tomcat/10.1.20]
2026-01-16 22:31:38.995 [main] INFO  o.a.c.core.ContainerBase.[Tomcat].[localhost].[/] - Initializing Spring embedded WebApplicationContext
2026-01-16 22:31:38.995 [main] INFO  o.s.b.w.s.c.ServletWebServerApplicationContext - Root WebApplicationContext: initialization completed in 778 ms
2026-01-16 22:31:39.704 [main] INFO  org.apache.coyote.http11.Http11NioProtocol - Starting ProtocolHandler ["http-nio-8081"]
2026-01-16 22:31:39.715 [main] INFO  o.s.boot.web.embedded.tomcat.TomcatWebServer - Tomcat started on port 8081 (http) with context path ''
2026-01-16 22:31:39.722 [main] INFO  com.meteor.user.UserApplication - Started UserApplication in 1.864 seconds (process running for 2.181)
2026-01-16 22:31:45.274 [http-nio-8081-exec-7] INFO  o.a.c.core.ContainerBase.[Tomcat].[localhost].[/] - Initializing Spring DispatcherServlet 'dispatcherServlet'
2026-01-16 22:31:45.274 [http-nio-8081-exec-7] INFO  org.springframework.web.servlet.DispatcherServlet - Initializing Servlet 'dispatcherServlet'
2026-01-16 22:31:45.275 [http-nio-8081-exec-7] INFO  org.springframework.web.servlet.DispatcherServlet - Completed initialization in 1 ms
2026-01-16 22:31:45.402 [http-nio-8081-exec-7] INFO  com.zaxxer.hikari.HikariDataSource - HikariPool-1 - Starting...
2026-01-16 22:31:45.514 [http-nio-8081-exec-7] INFO  com.zaxxer.hikari.pool.HikariPool - HikariPool-1 - Added connection com.mysql.cj.jdbc.ConnectionImpl@4055b162
2026-01-16 22:31:45.515 [http-nio-8081-exec-7] INFO  com.zaxxer.hikari.HikariDataSource - HikariPool-1 - Start completed.
2026-01-16 22:35:02.784 [SpringApplicationShutdownHook] INFO  com.zaxxer.hikari.HikariDataSource - HikariPool-1 - Shutdown initiated...
2026-01-16 22:35:02.788 [SpringApplicationShutdownHook] INFO  com.zaxxer.hikari.HikariDataSource - HikariPool-1 - Shutdown completed.
2026-01-16 22:35:05.003 [main] INFO  com.meteor.user.UserApplication - Starting UserApplication using Java 17.0.16 with PID 43148 (J:\code\system\meteor\meteor-user\target\classes started by Programmer in J:\code\system\meteor)
2026-01-16 22:35:05.005 [main] DEBUG com.meteor.user.UserApplication - Running with Spring Boot v3.2.5, Spring v6.1.6
2026-01-16 22:35:05.005 [main] INFO  com.meteor.user.UserApplication - The following 1 profile is active: "local"
2026-01-16 22:35:05.445 [main] INFO  o.s.d.r.config.RepositoryConfigurationDelegate - Multiple Spring Data modules found, entering strict repository configuration mode
2026-01-16 22:35:05.448 [main] INFO  o.s.d.r.config.RepositoryConfigurationDelegate - Bootstrapping Spring Data Redis repositories in DEFAULT mode.
2026-01-16 22:35:05.468 [main] INFO  o.s.d.r.config.RepositoryConfigurationDelegate - Finished Spring Data repository scanning in 8 ms. Found 0 Redis repository interfaces.
2026-01-16 22:35:05.758 [main] INFO  o.s.boot.web.embedded.tomcat.TomcatWebServer - Tomcat initialized with port 8081 (http)
2026-01-16 22:35:05.760 [main] INFO  org.apache.catalina.core.AprLifecycleListener - Loaded Apache Tomcat Native library [2.0.9] using APR version [1.7.6].
2026-01-16 22:35:05.762 [main] INFO  org.apache.catalina.core.AprLifecycleListener - OpenSSL successfully initialized [OpenSSL 3.5.0 8 Apr 2025]
2026-01-16 22:35:05.766 [main] INFO  org.apache.coyote.http11.Http11NioProtocol - Initializing ProtocolHandler ["http-nio-8081"]
2026-01-16 22:35:05.767 [main] INFO  org.apache.catalina.core.StandardService - Starting service [Tomcat]
2026-01-16 22:35:05.767 [main] INFO  org.apache.catalina.core.StandardEngine - Starting Servlet engine: [Apache Tomcat/10.1.20]
2026-01-16 22:35:05.801 [main] INFO  o.a.c.core.ContainerBase.[Tomcat].[localhost].[/] - Initializing Spring embedded WebApplicationContext
2026-01-16 22:35:05.801 [main] INFO  o.s.b.w.s.c.ServletWebServerApplicationContext - Root WebApplicationContext: initialization completed in 770 ms
2026-01-16 22:35:06.490 [main] INFO  org.apache.coyote.http11.Http11NioProtocol - Starting ProtocolHandler ["http-nio-8081"]
2026-01-16 22:35:06.500 [main] INFO  o.s.boot.web.embedded.tomcat.TomcatWebServer - Tomcat started on port 8081 (http) with context path ''
2026-01-16 22:35:06.506 [main] INFO  com.meteor.user.UserApplication - Started UserApplication in 1.848 seconds (process running for 2.173)
2026-01-16 22:35:10.271 [http-nio-8081-exec-1] INFO  o.a.c.core.ContainerBase.[Tomcat].[localhost].[/] - Initializing Spring DispatcherServlet 'dispatcherServlet'
2026-01-16 22:35:10.271 [http-nio-8081-exec-1] INFO  org.springframework.web.servlet.DispatcherServlet - Initializing Servlet 'dispatcherServlet'
2026-01-16 22:35:10.271 [http-nio-8081-exec-1] INFO  org.springframework.web.servlet.DispatcherServlet - Completed initialization in 0 ms
2026-01-16 22:35:10.382 [http-nio-8081-exec-1] INFO  com.zaxxer.hikari.HikariDataSource - HikariPool-1 - Starting...
2026-01-16 22:35:10.471 [http-nio-8081-exec-1] INFO  com.zaxxer.hikari.pool.HikariPool - HikariPool-1 - Added connection com.mysql.cj.jdbc.ConnectionImpl@652055d
2026-01-16 22:35:10.472 [http-nio-8081-exec-1] INFO  com.zaxxer.hikari.HikariDataSource - HikariPool-1 - Start completed.
2026-01-16 22:48:35.885 [SpringApplicationShutdownHook] INFO  com.zaxxer.hikari.HikariDataSource - HikariPool-1 - Shutdown initiated...
2026-01-16 22:48:35.889 [SpringApplicationShutdownHook] INFO  com.zaxxer.hikari.HikariDataSource - HikariPool-1 - Shutdown completed.
2026-01-16 22:48:37.713 [main] INFO  com.meteor.user.UserApplication - Starting UserApplication using Java 17.0.16 with PID 52168 (J:\code\system\meteor\meteor-user\target\classes started by Programmer in J:\code\system\meteor)
2026-01-16 22:48:37.714 [main] DEBUG com.meteor.user.UserApplication - Running with Spring Boot v3.2.5, Spring v6.1.6
2026-01-16 22:48:37.714 [main] INFO  com.meteor.user.UserApplication - The following 1 profile is active: "local"
2026-01-16 22:48:38.136 [main] INFO  o.s.d.r.config.RepositoryConfigurationDelegate - Multiple Spring Data modules found, entering strict repository configuration mode
2026-01-16 22:48:38.141 [main] INFO  o.s.d.r.config.RepositoryConfigurationDelegate - Bootstrapping Spring Data Redis repositories in DEFAULT mode.
2026-01-16 22:48:38.158 [main] INFO  o.s.d.r.config.RepositoryConfigurationDelegate - Finished Spring Data repository scanning in 9 ms. Found 0 Redis repository interfaces.
2026-01-16 22:48:38.444 [main] INFO  o.s.boot.web.embedded.tomcat.TomcatWebServer - Tomcat initialized with port 8081 (http)
2026-01-16 22:48:38.447 [main] INFO  org.apache.catalina.core.AprLifecycleListener - Loaded Apache Tomcat Native library [2.0.9] using APR version [1.7.6].
2026-01-16 22:48:38.449 [main] INFO  org.apache.catalina.core.AprLifecycleListener - OpenSSL successfully initialized [OpenSSL 3.5.0 8 Apr 2025]
2026-01-16 22:48:38.453 [main] INFO  org.apache.coyote.http11.Http11NioProtocol - Initializing ProtocolHandler ["http-nio-8081"]
2026-01-16 22:48:38.454 [main] INFO  org.apache.catalina.core.StandardService - Starting service [Tomcat]
2026-01-16 22:48:38.454 [main] INFO  org.apache.catalina.core.StandardEngine - Starting Servlet engine: [Apache Tomcat/10.1.20]
2026-01-16 22:48:38.493 [main] INFO  o.a.c.core.ContainerBase.[Tomcat].[localhost].[/] - Initializing Spring embedded WebApplicationContext
2026-01-16 22:48:38.494 [main] INFO  o.s.b.w.s.c.ServletWebServerApplicationContext - Root WebApplicationContext: initialization completed in 754 ms
2026-01-16 22:48:39.160 [main] INFO  org.apache.coyote.http11.Http11NioProtocol - Starting ProtocolHandler ["http-nio-8081"]
2026-01-16 22:48:39.171 [main] INFO  o.s.boot.web.embedded.tomcat.TomcatWebServer - Tomcat started on port 8081 (http) with context path ''
2026-01-16 22:48:39.178 [main] INFO  com.meteor.user.UserApplication - Started UserApplication in 1.824 seconds (process running for 2.149)
2026-01-16 23:00:19.732 [main] INFO  com.meteor.user.UserApplication - Starting UserApplication using Java 17.0.16 with PID 14816 (J:\code\system\meteor\meteor-user\target\classes started by Programmer in J:\code\system\meteor)
2026-01-16 23:00:19.733 [main] DEBUG com.meteor.user.UserApplication - Running with Spring Boot v3.2.5, Spring v6.1.6
2026-01-16 23:00:19.733 [main] INFO  com.meteor.user.UserApplication - The following 1 profile is active: "local"
2026-01-16 23:00:20.153 [main] INFO  o.s.d.r.config.RepositoryConfigurationDelegate - Multiple Spring Data modules found, entering strict repository configuration mode
2026-01-16 23:00:20.154 [main] INFO  o.s.d.r.config.RepositoryConfigurationDelegate - Bootstrapping Spring Data Redis repositories in DEFAULT mode.
2026-01-16 23:00:20.174 [main] INFO  o.s.d.r.config.RepositoryConfigurationDelegate - Finished Spring Data repository scanning in 13 ms. Found 0 Redis repository interfaces.
2026-01-16 23:00:20.473 [main] INFO  o.s.boot.web.embedded.tomcat.TomcatWebServer - Tomcat initialized with port 8081 (http)
2026-01-16 23:00:20.475 [main] INFO  org.apache.catalina.core.AprLifecycleListener - Loaded Apache Tomcat Native library [2.0.9] using APR version [1.7.6].
2026-01-16 23:00:20.477 [main] INFO  org.apache.catalina.core.AprLifecycleListener - OpenSSL successfully initialized [OpenSSL 3.5.0 8 Apr 2025]
2026-01-16 23:00:20.481 [main] INFO  org.apache.coyote.http11.Http11NioProtocol - Initializing ProtocolHandler ["http-nio-8081"]
2026-01-16 23:00:20.482 [main] INFO  org.apache.catalina.core.StandardService - Starting service [Tomcat]
2026-01-16 23:00:20.482 [main] INFO  org.apache.catalina.core.StandardEngine - Starting Servlet engine: [Apache Tomcat/10.1.20]
2026-01-16 23:00:20.520 [main] INFO  o.a.c.core.ContainerBase.[Tomcat].[localhost].[/] - Initializing Spring embedded WebApplicationContext
2026-01-16 23:00:20.520 [main] INFO  o.s.b.w.s.c.ServletWebServerApplicationContext - Root WebApplicationContext: initialization completed in 760 ms
2026-01-16 23:00:21.232 [main] INFO  org.apache.coyote.http11.Http11NioProtocol - Starting ProtocolHandler ["http-nio-8081"]
2026-01-16 23:00:21.242 [main] INFO  o.s.boot.web.embedded.tomcat.TomcatWebServer - Tomcat started on port 8081 (http) with context path ''
2026-01-16 23:00:21.248 [main] INFO  com.meteor.user.UserApplication - Started UserApplication in 1.864 seconds (process running for 2.202)
2026-01-16 23:31:34.231 [main] INFO  com.meteor.user.UserApplication - Starting UserApplication using Java 17.0.16 with PID 23068 (J:\code\system\meteor\meteor-user\target\classes started by Programmer in J:\code\system\meteor)
2026-01-16 23:31:34.232 [main] DEBUG com.meteor.user.UserApplication - Running with Spring Boot v3.2.5, Spring v6.1.6
2026-01-16 23:31:34.232 [main] INFO  com.meteor.user.UserApplication - The following 1 profile is active: "local"
2026-01-16 23:31:34.665 [main] INFO  o.s.d.r.config.RepositoryConfigurationDelegate - Multiple Spring Data modules found, entering strict repository configuration mode
2026-01-16 23:31:34.667 [main] INFO  o.s.d.r.config.RepositoryConfigurationDelegate - Bootstrapping Spring Data Redis repositories in DEFAULT mode.
2026-01-16 23:31:34.692 [main] INFO  o.s.d.r.config.RepositoryConfigurationDelegate - Finished Spring Data repository scanning in 16 ms. Found 0 Redis repository interfaces.
2026-01-16 23:31:35.009 [main] INFO  o.s.boot.web.embedded.tomcat.TomcatWebServer - Tomcat initialized with port 8081 (http)
2026-01-16 23:31:35.010 [main] INFO  org.apache.catalina.core.AprLifecycleListener - Loaded Apache Tomcat Native library [2.0.9] using APR version [1.7.6].
2026-01-16 23:31:35.012 [main] INFO  org.apache.catalina.core.AprLifecycleListener - OpenSSL successfully initialized [OpenSSL 3.5.0 8 Apr 2025]
2026-01-16 23:31:35.016 [main] INFO  org.apache.coyote.http11.Http11NioProtocol - Initializing ProtocolHandler ["http-nio-8081"]
2026-01-16 23:31:35.017 [main] INFO  org.apache.catalina.core.StandardService - Starting service [Tomcat]
2026-01-16 23:31:35.017 [main] INFO  org.apache.catalina.core.StandardEngine - Starting Servlet engine: [Apache Tomcat/10.1.20]
2026-01-16 23:31:35.052 [main] INFO  o.a.c.core.ContainerBase.[Tomcat].[localhost].[/] - Initializing Spring embedded WebApplicationContext
2026-01-16 23:31:35.052 [main] INFO  o.s.b.w.s.c.ServletWebServerApplicationContext - Root WebApplicationContext: initialization completed in 793 ms
2026-01-16 23:31:35.746 [main] INFO  org.apache.coyote.http11.Http11NioProtocol - Starting ProtocolHandler ["http-nio-8081"]
2026-01-16 23:31:35.759 [main] INFO  o.s.boot.web.embedded.tomcat.TomcatWebServer - Tomcat started on port 8081 (http) with context path ''
2026-01-16 23:31:35.765 [main] INFO  com.meteor.user.UserApplication - Started UserApplication in 2.002 seconds (process running for 2.389)
2026-01-16 23:31:41.120 [http-nio-8081-exec-2] INFO  o.a.c.core.ContainerBase.[Tomcat].[localhost].[/] - Initializing Spring DispatcherServlet 'dispatcherServlet'
2026-01-16 23:31:41.120 [http-nio-8081-exec-2] INFO  org.springframework.web.servlet.DispatcherServlet - Initializing Servlet 'dispatcherServlet'
2026-01-16 23:31:41.121 [http-nio-8081-exec-2] INFO  org.springframework.web.servlet.DispatcherServlet - Completed initialization in 0 ms
2026-01-16 23:31:41.225 [http-nio-8081-exec-2] INFO  com.zaxxer.hikari.HikariDataSource - HikariPool-1 - Starting...
2026-01-16 23:31:41.313 [http-nio-8081-exec-2] INFO  com.zaxxer.hikari.pool.HikariPool - HikariPool-1 - Added connection com.mysql.cj.jdbc.ConnectionImpl@7e1c0aeb
2026-01-16 23:31:41.314 [http-nio-8081-exec-2] INFO  com.zaxxer.hikari.HikariDataSource - HikariPool-1 - Start completed.
2026-01-16 23:34:15.536 [SpringApplicationShutdownHook] INFO  com.zaxxer.hikari.HikariDataSource - HikariPool-1 - Shutdown initiated...
2026-01-16 23:34:15.539 [SpringApplicationShutdownHook] INFO  com.zaxxer.hikari.HikariDataSource - HikariPool-1 - Shutdown completed.
